<?xml version="1.0" encoding="UTF-8"?>
<!-- Generated by org.testng.reporters.JUnitReportReporter -->
<testsuite hostname="SHANKAR-PC" failures="0" tests="3" name="com.crm.qa.testcaes.LoginPageTest" time="42.771" errors="0" timestamp="13 Aug 2022 15:57:53 GMT" skipped="0">
  <testcase classname="com.crm.qa.testcaes.LoginPageTest" name="loginPageTitleTest" time="12.338"/>
  <testcase classname="com.crm.qa.testcaes.LoginPageTest" name="crmLogoImageTest" time="9.449"/>
  <testcase classname="com.crm.qa.testcaes.LoginPageTest" name="loginTest" time="20.984"/>
</testsuite> <!-- com.crm.qa.testcaes.LoginPageTest -->
