<?xml version="1.0" encoding="UTF-8"?>
<!-- Generated by org.testng.reporters.JUnitReportReporter -->
<testsuite hostname="SHANKAR-PC" failures="0" tests="3" name="com.crm.qa.testcaes.LoginPageTest" time="34.628" errors="0" timestamp="13 Aug 2022 19:18:58 GMT" skipped="0">
  <testcase classname="com.crm.qa.testcaes.LoginPageTest" name="loginPageTitleTest" time="7.987"/>
  <testcase classname="com.crm.qa.testcaes.LoginPageTest" name="crmLogoImageTest" time="10.616"/>
  <testcase classname="com.crm.qa.testcaes.LoginPageTest" name="loginTest" time="16.025"/>
</testsuite> <!-- com.crm.qa.testcaes.LoginPageTest -->
